23:34:07.388 31-05-2016 | INFO  | main                 | o.c.strongbox.configuration.ConfigurationManager   | Initilizing ConfigurationManager
23:34:07.402 31-05-2016 | INFO  | main                 | o.c.s.configuration.ConfigurationRepository        | ConfigurationRepository.init()
23:34:08.578 31-05-2016 | INFO  | main                 | o.c.s.configuration.AbstractConfigurationManager   | Loading Strongbox configuration from orientdb ...
23:34:08.617 31-05-2016 | INFO  | main                 | o.c.strongbox.configuration.ConfigurationManager   | Configuration version: 1.0
23:34:08.619 31-05-2016 | INFO  | main                 | o.c.strongbox.configuration.ConfigurationManager   | Loading storages...
23:34:08.621 31-05-2016 | INFO  | main                 | o.c.strongbox.configuration.ConfigurationManager   |  -> Storage: storage0
23:34:08.622 31-05-2016 | INFO  | main                 | o.c.strongbox.configuration.ConfigurationManager   |     -> Repository: group-releases-nested-deep-1
23:34:08.622 31-05-2016 | INFO  | main                 | o.c.strongbox.configuration.ConfigurationManager   |     -> Repository: releases-without-redeployment
23:34:08.623 31-05-2016 | INFO  | main                 | o.c.strongbox.configuration.ConfigurationManager   |     -> Repository: releases-without-delete
23:34:08.623 31-05-2016 | INFO  | main                 | o.c.strongbox.configuration.ConfigurationManager   |     -> Repository: releases-by-juan
23:34:08.624 31-05-2016 | INFO  | main                 | o.c.strongbox.configuration.ConfigurationManager   |     -> Repository: group-releases-nested-deep-3
23:34:08.624 31-05-2016 | INFO  | main                 | o.c.strongbox.configuration.ConfigurationManager   |     -> Repository: group-releases-nested-deep-2
23:34:08.624 31-05-2016 | INFO  | main                 | o.c.strongbox.configuration.ConfigurationManager   |     -> Repository: releases-without-deployment
23:34:08.625 31-05-2016 | INFO  | main                 | o.c.strongbox.configuration.ConfigurationManager   |     -> Repository: releases-in-memory
23:34:08.625 31-05-2016 | INFO  | main                 | o.c.strongbox.configuration.ConfigurationManager   |     -> Repository: releases
23:34:08.625 31-05-2016 | INFO  | main                 | o.c.strongbox.configuration.ConfigurationManager   |     -> Repository: group-releases-without-options
23:34:08.625 31-05-2016 | INFO  | main                 | o.c.strongbox.configuration.ConfigurationManager   |     -> Repository: releases-with-trash
23:34:08.625 31-05-2016 | INFO  | main                 | o.c.strongbox.configuration.ConfigurationManager   |     -> Repository: snapshots
23:34:08.625 31-05-2016 | INFO  | main                 | o.c.strongbox.configuration.ConfigurationManager   |     -> Repository: releases-without-browsing
23:34:08.626 31-05-2016 | INFO  | main                 | o.c.strongbox.configuration.ConfigurationManager   |     -> Repository: group-releases
23:34:08.626 31-05-2016 | INFO  | main                 | o.c.strongbox.configuration.ConfigurationManager   |     -> Repository: snapshots-in-memory
23:34:08.626 31-05-2016 | INFO  | main                 | o.c.strongbox.configuration.ConfigurationManager   |     -> Repository: releases-without-delete-trash
23:34:08.626 31-05-2016 | INFO  | main                 | o.c.strongbox.configuration.ConfigurationManager   |     -> Repository: group-releases-nested
23:34:08.626 31-05-2016 | INFO  | main                 | o.c.strongbox.configuration.ConfigurationManager   |     -> Repository: releases-with-redeployment
23:34:08.627 31-05-2016 | INFO  | main                 | o.c.strongbox.configuration.ConfigurationManager   |     -> Repository: group-releases-with-options
23:34:08.716 31-05-2016 | INFO  | main                 | o.c.s.services.impl.ArtifactResolutionServiceImpl  | Loading resolvers...
23:34:08.716 31-05-2016 | INFO  | main                 | o.c.s.services.impl.ArtifactResolutionServiceImpl  |  -> class org.carlspring.strongbox.storage.resolvers.FSLocationResolver
23:34:08.716 31-05-2016 | INFO  | main                 | o.c.s.services.impl.ArtifactResolutionServiceImpl  |  -> class org.carlspring.strongbox.storage.resolvers.ProxyLocationResolver
23:34:08.716 31-05-2016 | INFO  | main                 | o.c.s.services.impl.ArtifactResolutionServiceImpl  |  -> class org.carlspring.strongbox.storage.resolvers.GroupLocationResolver
23:34:08.817 31-05-2016 | DEBUG | main                 | o.c.strongbox.artifact.generator.ArtifactGenerator | Generating pom file for org.apache.maven:location-utils:1.0.1:jar...
23:34:08.905 31-05-2016 | DEBUG | main                 | o.c.strongbox.artifact.generator.ArtifactGenerator | Generating pom file for org.apache.maven:location-utils:1.0.2:jar...
23:34:08.977 31-05-2016 | DEBUG | main                 | o.c.strongbox.artifact.generator.ArtifactGenerator | Generating pom file for org.apache.maven:location-utils:1.1:jar...
23:34:09.054 31-05-2016 | DEBUG | main                 | o.c.strongbox.artifact.generator.ArtifactGenerator | Generating pom file for org.apache.maven:location-utils:1.2:jar...
23:34:09.099 31-05-2016 | DEBUG | main                 | o.c.strongbox.artifact.generator.ArtifactGenerator | Generating pom file for org.apache.maven:location-utils:1.2.1:jar...
23:34:09.146 31-05-2016 | DEBUG | main                 | o.c.strongbox.artifact.generator.ArtifactGenerator | Generating pom file for com.carlspring.strongbox:foo:5.1:jar...
23:34:09.166 31-05-2016 | DEBUG | main                 | o.c.strongbox.artifact.generator.ArtifactGenerator | Generating pom file for com.carlspring.strongbox:foo:5.2:jar...
23:34:09.175 31-05-2016 | DEBUG | main                 | o.c.strongbox.artifact.generator.ArtifactGenerator | Generating pom file for com.carlspring.strongbox:foo:5.3:jar...
23:34:09.215 31-05-2016 | DEBUG | main                 | o.c.strongbox.artifact.generator.ArtifactGenerator | Generating pom file for org.carlspring.maven:locator-testing:2.1:jar...
23:34:09.279 31-05-2016 | DEBUG | main                 | o.c.strongbox.artifact.generator.ArtifactGenerator | Generating pom file for org.carlspring.maven:locator-testing:2.2:jar...
23:34:09.334 31-05-2016 | DEBUG | main                 | o.c.strongbox.artifact.generator.ArtifactGenerator | Generating pom file for org.carlspring.maven:locator-testing:2.3:jar...
23:34:09.389 31-05-2016 | DEBUG | main                 | o.c.strongbox.artifact.generator.ArtifactGenerator | Generating pom file for org.carlspring.maven:locator-testing:2.4:jar...
23:34:09.403 31-05-2016 | DEBUG | main                 | o.c.strongbox.artifact.generator.ArtifactGenerator | Generating pom file for org.carlspring.maven:locator-testing:2.5:jar...
23:34:09.424 31-05-2016 | DEBUG | main                 | o.c.strongbox.artifact.generator.ArtifactGenerator | Generating pom file for org.carlspring.maven:locator-testing:3.0:jar...
23:34:09.476 31-05-2016 | DEBUG | main                 | o.c.strongbox.artifact.generator.ArtifactGenerator | Generating pom file for org.carlspring.strongbox:locator:5.2.1:jar...
23:34:09.505 31-05-2016 | DEBUG | main                 | o.c.strongbox.artifact.generator.ArtifactGenerator | Generating pom file for org.carlspring.strongbox:locator:5.2.2:jar...
23:34:09.521 31-05-2016 | DEBUG | main                 | o.c.strongbox.artifact.generator.ArtifactGenerator | Generating pom file for org.carlspring.strongbox:locator:5.2.2:jar...
23:34:09.603 31-05-2016 | DEBUG | main                 | o.c.strongbox.artifact.generator.ArtifactGenerator | Generating pom file for org.carlspring.strongbox.locator:foo-locator:1.0:jar...
23:34:09.648 31-05-2016 | DEBUG | main                 | o.c.strongbox.artifact.generator.ArtifactGenerator | Generating pom file for org.carlspring.strongbox.locator:foo-locator:1.1:jar...
23:34:09.660 31-05-2016 | DEBUG | main                 | o.c.strongbox.artifact.generator.ArtifactGenerator | Generating pom file for org.carlspring.strongbox.locator:foo-locator:1.2:jar...
23:34:09.701 31-05-2016 | DEBUG | main                 | o.c.strongbox.artifact.generator.ArtifactGenerator | Generating pom file for org.carlspring.strongbox.locator:utils:2.1:jar...
23:34:09.722 31-05-2016 | DEBUG | main                 | o.c.strongbox.artifact.generator.ArtifactGenerator | Generating pom file for org.carlspring.strongbox.locator:utils:2.2:jar...
23:34:09.747 31-05-2016 | DEBUG | main                 | o.c.strongbox.artifact.generator.ArtifactGenerator | Generating pom file for org.carlspring.strongbox.locator:utils:2.3:jar...
23:34:09.826 31-05-2016 | DEBUG | main                 | o.c.s.artifact.locator.ArtifactDirectoryLocator    | Executed (cache: 3) visits in 21 ms.
23:34:09.839 31-05-2016 | DEBUG | main                 | o.c.s.artifact.locator.ArtifactDirectoryLocator    | Executed (cache: 3) visits in 10 ms.
23:34:09.847 31-05-2016 | DEBUG | main                 | o.c.strongbox.artifact.generator.ArtifactGenerator | Generating pom file for com.artifacts.to.delete.releases:delete-foo:1.2.1:jar...
23:34:09.892 31-05-2016 | DEBUG | main                 | o.c.strongbox.artifact.generator.ArtifactGenerator | Generating pom file for com.artifacts.to.delete.releases:delete-foo:1.2.2:jar...
23:34:09.910 31-05-2016 | DEBUG | main                 | o.c.strongbox.storage.resolvers.FSLocationResolver | Checking in storage0:releases(/Users/ivanursul/git/strongbox/strongbox-storage/strongbox-storage-api/target/strongbox-vault/storages/storage0/releases/com/artifacts/to/delete/releases/delete-foo/1.2.1/delete-foo-1.2.1.jar)...
23:34:09.911 31-05-2016 | DEBUG | main                 | o.c.strongbox.storage.resolvers.FSLocationResolver | Deleted /releases/com/artifacts/to/delete/releases/delete-foo/1.2.1/delete-foo-1.2.1.jar.md5.
23:34:09.911 31-05-2016 | DEBUG | main                 | o.c.strongbox.storage.resolvers.FSLocationResolver | Deleted /releases/com/artifacts/to/delete/releases/delete-foo/1.2.1/delete-foo-1.2.1.jar.sha1.
23:34:09.911 31-05-2016 | DEBUG | main                 | o.c.strongbox.storage.resolvers.FSLocationResolver | Removed /releases/com/artifacts/to/delete/releases/delete-foo/1.2.1/delete-foo-1.2.1.jar
23:34:09.912 31-05-2016 | DEBUG | main                 | o.c.strongbox.storage.resolvers.FSLocationResolver | Checking in storage0:releases(/Users/ivanursul/git/strongbox/strongbox-storage/strongbox-storage-api/target/strongbox-vault/storages/storage0/releases/com/artifacts/to/delete/releases/delete-foo/1.2.2)...
23:34:09.914 31-05-2016 | DEBUG | main                 | o.c.strongbox.storage.resolvers.FSLocationResolver | Removed /releases/com/artifacts/to/delete/releases/delete-foo/1.2.2
23:34:09.932 31-05-2016 | DEBUG | main                 | o.c.strongbox.artifact.generator.ArtifactGenerator | Generating pom file for com.artifacts.in.releases.with.trash:foo:1.2.3:jar...
23:34:09.940 31-05-2016 | DEBUG | main                 | o.c.strongbox.artifact.generator.ArtifactGenerator | Generating pom file for com.artifacts.in.releases:foo:1.2.4:jar...
23:34:10.006 31-05-2016 | DEBUG | main                 | o.c.strongbox.artifact.generator.ArtifactGenerator | Generating pom file for com.artifacts.denied.in.memory:foo:1.2.5:jar...
23:34:10.067 31-05-2016 | DEBUG | main                 | o.c.strongbox.artifact.generator.ArtifactGenerator | Generating pom file for com.artifacts.denied.by.wildcard:foo:1.2.6:jar...
23:34:10.130 31-05-2016 | DEBUG | main                 | o.c.strongbox.artifact.generator.ArtifactGenerator | Generating pom file for org.carlspring.metadata.by.juan:juancho:1.2.64:jar...
23:34:10.138 31-05-2016 | DEBUG | main                 | o.c.s.storage.resolvers.GroupLocationResolver      | Checking in storage0:group-releases-nested-deep-1...
23:34:10.139 31-05-2016 | DEBUG | main                 | o.c.s.storage.resolvers.GroupLocationResolver      | Checking in storage0:group-releases-nested-deep-2...
23:34:10.139 31-05-2016 | DEBUG | main                 | o.c.s.storage.resolvers.GroupLocationResolver      | Checking in storage0:group-releases-nested-deep-3...
23:34:10.140 31-05-2016 | DEBUG | main                 | o.c.s.storage.resolvers.GroupLocationResolver      |  -> Checking for /Users/ivanursul/git/strongbox/strongbox-storage/strongbox-storage-api/target/strongbox-vault/storages/storage0/releases-by-juan/org/carlspring/metadata/by/juan/juancho/1.2.64/juancho-1.2.64.jar...
23:34:10.140 31-05-2016 | DEBUG | main                 | o.c.s.storage.resolvers.GroupLocationResolver      | Resolved /Users/ivanursul/git/strongbox/strongbox-storage/strongbox-storage-api/target/strongbox-vault/storages/storage0/releases-by-juan/org/carlspring/metadata/by/juan/juancho/1.2.64/juancho-1.2.64.jar!
23:34:10.140 31-05-2016 | DEBUG | main                 | o.c.s.storage.resolvers.GroupLocationResolver      | Located artifact: [storage0:releases-by-juan]
23:34:10.140 31-05-2016 | DEBUG | main                 | o.c.s.storage.resolvers.GroupLocationResolver      | Located artifact: [storage0:group-releases-nested-deep-3]
23:34:10.140 31-05-2016 | DEBUG | main                 | o.c.s.storage.resolvers.GroupLocationResolver      | Located artifact: [storage0:group-releases-nested-deep-2]
23:34:10.142 31-05-2016 | DEBUG | main                 | o.c.s.storage.resolvers.GroupLocationResolver      | Checking in storage0:group-releases...
23:34:10.142 31-05-2016 | DEBUG | main                 | o.c.s.storage.resolvers.GroupLocationResolver      |  -> Checking for /Users/ivanursul/git/strongbox/strongbox-storage/strongbox-storage-api/target/strongbox-vault/storages/storage0/releases/com/artifacts/in/releases/foo/1.2.4/foo-1.2.4.jar...
23:34:10.142 31-05-2016 | DEBUG | main                 | o.c.s.storage.resolvers.GroupLocationResolver      | Resolved /Users/ivanursul/git/strongbox/strongbox-storage/strongbox-storage-api/target/strongbox-vault/storages/storage0/releases/com/artifacts/in/releases/foo/1.2.4/foo-1.2.4.jar!
23:34:10.143 31-05-2016 | DEBUG | main                 | o.c.s.storage.resolvers.GroupLocationResolver      | Located artifact: [storage0:releases]
23:34:10.144 31-05-2016 | DEBUG | main                 | o.c.s.storage.resolvers.GroupLocationResolver      | Checking in storage0:group-releases...
23:34:10.144 31-05-2016 | DEBUG | main                 | o.c.s.storage.resolvers.GroupLocationResolver      |  -> Checking for /Users/ivanursul/git/strongbox/strongbox-storage/strongbox-storage-api/target/strongbox-vault/storages/storage0/releases-with-trash/com/artifacts/in/releases/with/trash/foo/1.2.3/foo-1.2.3.jar...
23:34:10.144 31-05-2016 | DEBUG | main                 | o.c.s.storage.resolvers.GroupLocationResolver      | Resolved /Users/ivanursul/git/strongbox/strongbox-storage/strongbox-storage-api/target/strongbox-vault/storages/storage0/releases-with-trash/com/artifacts/in/releases/with/trash/foo/1.2.3/foo-1.2.3.jar!
23:34:10.144 31-05-2016 | DEBUG | main                 | o.c.s.storage.resolvers.GroupLocationResolver      | Located artifact: [storage0:releases-with-trash]
23:34:10.176 31-05-2016 | DEBUG | main                 | o.c.s.storage.resolvers.GroupLocationResolver      | Checking in storage0:group-releases...
23:34:10.177 31-05-2016 | DEBUG | main                 | o.c.s.storage.resolvers.GroupLocationResolver      |  -> Checking for /Users/ivanursul/git/strongbox/strongbox-storage/strongbox-storage-api/target/strongbox-vault/storages/storage0/releases-with-trash/com/artifacts/in/releases/foo/1.2.4/foo-1.2.4.jar...
23:34:10.178 31-05-2016 | DEBUG | main                 | o.c.s.storage.resolvers.GroupLocationResolver      |  -> Checking for /Users/ivanursul/git/strongbox/strongbox-storage/strongbox-storage-api/target/strongbox-vault/storages/storage0/releases-without-browsing/com/artifacts/in/releases/foo/1.2.4/foo-1.2.4.jar...
23:34:10.178 31-05-2016 | DEBUG | main                 | o.c.s.storage.resolvers.GroupLocationResolver      |  -> Checking for /Users/ivanursul/git/strongbox/strongbox-storage/strongbox-storage-api/target/strongbox-vault/storages/storage0/releases-without-redeployment/com/artifacts/in/releases/foo/1.2.4/foo-1.2.4.jar...
23:34:10.179 31-05-2016 | DEBUG | main                 | o.c.s.storage.resolvers.GroupLocationResolver      |  -> Checking for /Users/ivanursul/git/strongbox/strongbox-storage/strongbox-storage-api/target/strongbox-vault/storages/storage0/releases-without-delete/com/artifacts/in/releases/foo/1.2.4/foo-1.2.4.jar...
23:34:10.179 31-05-2016 | DEBUG | main                 | o.c.s.storage.resolvers.GroupLocationResolver      |  -> Checking for /Users/ivanursul/git/strongbox/strongbox-storage/strongbox-storage-api/target/strongbox-vault/storages/storage0/releases-without-deployment/com/artifacts/in/releases/foo/1.2.4/foo-1.2.4.jar...
23:34:10.179 31-05-2016 | DEBUG | main                 | o.c.s.storage.resolvers.GroupLocationResolver      |  -> Checking for /Users/ivanursul/git/strongbox/strongbox-storage/strongbox-storage-api/target/strongbox-vault/storages/storage0/releases-without-delete-trash/com/artifacts/in/releases/foo/1.2.4/foo-1.2.4.jar...
23:34:10.180 31-05-2016 | DEBUG | main                 | o.c.s.storage.resolvers.GroupLocationResolver      |  -> Checking for /Users/ivanursul/git/strongbox/strongbox-storage/strongbox-storage-api/target/strongbox-vault/storages/storage0/releases-in-memory/com/artifacts/in/releases/foo/1.2.4/foo-1.2.4.jar...
23:34:10.180 31-05-2016 | DEBUG | main                 | o.c.s.storage.resolvers.GroupLocationResolver      |  -> Checking for /Users/ivanursul/git/strongbox/strongbox-storage/strongbox-storage-api/target/strongbox-vault/storages/storage0/releases-with-redeployment/com/artifacts/in/releases/foo/1.2.4/foo-1.2.4.jar...
23:34:10.206 31-05-2016 | DEBUG | main                 | o.c.s.storage.resolvers.GroupLocationResolver      | Checking in storage0:group-releases-nested...
23:34:10.206 31-05-2016 | DEBUG | main                 | o.c.s.storage.resolvers.GroupLocationResolver      |  -> Checking for /Users/ivanursul/git/strongbox/strongbox-storage/strongbox-storage-api/target/strongbox-vault/storages/storage0/releases/com/artifacts/in/releases/foo/1.2.4/foo-1.2.4.jar...
23:34:10.206 31-05-2016 | DEBUG | main                 | o.c.s.storage.resolvers.GroupLocationResolver      | Resolved /Users/ivanursul/git/strongbox/strongbox-storage/strongbox-storage-api/target/strongbox-vault/storages/storage0/releases/com/artifacts/in/releases/foo/1.2.4/foo-1.2.4.jar!
23:34:10.207 31-05-2016 | DEBUG | main                 | o.c.s.storage.resolvers.GroupLocationResolver      | Located artifact: [storage0:releases]
23:34:10.208 31-05-2016 | DEBUG | main                 | o.c.s.storage.resolvers.GroupLocationResolver      | Checking in storage0:group-releases...
23:34:10.209 31-05-2016 | DEBUG | main                 | o.c.s.storage.resolvers.GroupLocationResolver      |  -> Checking for /Users/ivanursul/git/strongbox/strongbox-storage/strongbox-storage-api/target/strongbox-vault/storages/storage0/releases-with-trash/com/artifacts/denied/by/wildcard/foo/1.2.6/foo-1.2.6.jar...
23:34:10.209 31-05-2016 | DEBUG | main                 | o.c.s.storage.resolvers.GroupLocationResolver      |  -> Checking for /Users/ivanursul/git/strongbox/strongbox-storage/strongbox-storage-api/target/strongbox-vault/storages/storage0/releases-without-browsing/com/artifacts/denied/by/wildcard/foo/1.2.6/foo-1.2.6.jar...
23:34:10.209 31-05-2016 | DEBUG | main                 | o.c.s.storage.resolvers.GroupLocationResolver      |  -> Checking for /Users/ivanursul/git/strongbox/strongbox-storage/strongbox-storage-api/target/strongbox-vault/storages/storage0/releases-without-redeployment/com/artifacts/denied/by/wildcard/foo/1.2.6/foo-1.2.6.jar...
23:34:10.209 31-05-2016 | DEBUG | main                 | o.c.s.storage.resolvers.GroupLocationResolver      |  -> Checking for /Users/ivanursul/git/strongbox/strongbox-storage/strongbox-storage-api/target/strongbox-vault/storages/storage0/releases-without-delete/com/artifacts/denied/by/wildcard/foo/1.2.6/foo-1.2.6.jar...
23:34:10.210 31-05-2016 | DEBUG | main                 | o.c.s.storage.resolvers.GroupLocationResolver      |  -> Checking for /Users/ivanursul/git/strongbox/strongbox-storage/strongbox-storage-api/target/strongbox-vault/storages/storage0/releases-without-deployment/com/artifacts/denied/by/wildcard/foo/1.2.6/foo-1.2.6.jar...
23:34:10.210 31-05-2016 | DEBUG | main                 | o.c.s.storage.resolvers.GroupLocationResolver      |  -> Checking for /Users/ivanursul/git/strongbox/strongbox-storage/strongbox-storage-api/target/strongbox-vault/storages/storage0/releases-without-delete-trash/com/artifacts/denied/by/wildcard/foo/1.2.6/foo-1.2.6.jar...
23:34:10.210 31-05-2016 | DEBUG | main                 | o.c.s.storage.resolvers.GroupLocationResolver      |  -> Checking for /Users/ivanursul/git/strongbox/strongbox-storage/strongbox-storage-api/target/strongbox-vault/storages/storage0/releases-in-memory/com/artifacts/denied/by/wildcard/foo/1.2.6/foo-1.2.6.jar...
23:34:10.211 31-05-2016 | DEBUG | main                 | o.c.s.storage.resolvers.GroupLocationResolver      |  -> Checking for /Users/ivanursul/git/strongbox/strongbox-storage/strongbox-storage-api/target/strongbox-vault/storages/storage0/releases-with-redeployment/com/artifacts/denied/by/wildcard/foo/1.2.6/foo-1.2.6.jar...
23:34:10.212 31-05-2016 | DEBUG | main                 | o.c.s.storage.resolvers.GroupLocationResolver      | Checking in storage0:group-releases...
23:34:10.213 31-05-2016 | DEBUG | main                 | o.c.s.storage.resolvers.GroupLocationResolver      |  -> Checking for /Users/ivanursul/git/strongbox/strongbox-storage/strongbox-storage-api/target/strongbox-vault/storages/storage0/releases-with-trash/com/artifacts/denied/in/memory/foo/1.2.5/foo-1.2.5.jar...
23:34:10.213 31-05-2016 | DEBUG | main                 | o.c.s.storage.resolvers.GroupLocationResolver      |  -> Checking for /Users/ivanursul/git/strongbox/strongbox-storage/strongbox-storage-api/target/strongbox-vault/storages/storage0/releases-without-browsing/com/artifacts/denied/in/memory/foo/1.2.5/foo-1.2.5.jar...
23:34:10.214 31-05-2016 | DEBUG | main                 | o.c.s.storage.resolvers.GroupLocationResolver      |  -> Checking for /Users/ivanursul/git/strongbox/strongbox-storage/strongbox-storage-api/target/strongbox-vault/storages/storage0/releases-without-redeployment/com/artifacts/denied/in/memory/foo/1.2.5/foo-1.2.5.jar...
23:34:10.214 31-05-2016 | DEBUG | main                 | o.c.s.storage.resolvers.GroupLocationResolver      |  -> Checking for /Users/ivanursul/git/strongbox/strongbox-storage/strongbox-storage-api/target/strongbox-vault/storages/storage0/releases-without-delete/com/artifacts/denied/in/memory/foo/1.2.5/foo-1.2.5.jar...
23:34:10.214 31-05-2016 | DEBUG | main                 | o.c.s.storage.resolvers.GroupLocationResolver      |  -> Checking for /Users/ivanursul/git/strongbox/strongbox-storage/strongbox-storage-api/target/strongbox-vault/storages/storage0/releases-without-deployment/com/artifacts/denied/in/memory/foo/1.2.5/foo-1.2.5.jar...
23:34:10.214 31-05-2016 | DEBUG | main                 | o.c.s.storage.resolvers.GroupLocationResolver      |  -> Checking for /Users/ivanursul/git/strongbox/strongbox-storage/strongbox-storage-api/target/strongbox-vault/storages/storage0/releases-without-delete-trash/com/artifacts/denied/in/memory/foo/1.2.5/foo-1.2.5.jar...
23:34:10.215 31-05-2016 | DEBUG | main                 | o.c.s.storage.resolvers.GroupLocationResolver      |  -> Checking for /Users/ivanursul/git/strongbox/strongbox-storage/strongbox-storage-api/target/strongbox-vault/storages/storage0/releases-with-redeployment/com/artifacts/denied/in/memory/foo/1.2.5/foo-1.2.5.jar...
23:34:10.215 31-05-2016 | DEBUG | main                 | o.c.s.storage.resolvers.GroupLocationResolver      |  -> Checking for /Users/ivanursul/git/strongbox/strongbox-storage/strongbox-storage-api/target/strongbox-vault/storages/storage0/releases/com/artifacts/denied/in/memory/foo/1.2.5/foo-1.2.5.jar...
23:34:10.271 31-05-2016 | INFO  | main                 | o.c.strongbox.configuration.ConfigurationManager   | Initilizing ConfigurationManager
23:34:10.274 31-05-2016 | INFO  | main                 | o.c.s.configuration.ConfigurationRepository        | ConfigurationRepository.init()
23:34:10.310 31-05-2016 | INFO  | main                 | o.c.s.configuration.AbstractConfigurationManager   | Loading Strongbox configuration from orientdb ...
23:34:10.339 31-05-2016 | INFO  | main                 | o.c.strongbox.configuration.ConfigurationManager   | Configuration version: 1.0
23:34:10.340 31-05-2016 | INFO  | main                 | o.c.strongbox.configuration.ConfigurationManager   | Loading storages...
23:34:10.340 31-05-2016 | INFO  | main                 | o.c.strongbox.configuration.ConfigurationManager   |  -> Storage: storage0
23:34:10.340 31-05-2016 | INFO  | main                 | o.c.strongbox.configuration.ConfigurationManager   |     -> Repository: group-releases-nested-deep-1
23:34:10.340 31-05-2016 | INFO  | main                 | o.c.strongbox.configuration.ConfigurationManager   |     -> Repository: releases-without-redeployment
23:34:10.340 31-05-2016 | INFO  | main                 | o.c.strongbox.configuration.ConfigurationManager   |     -> Repository: releases-without-delete
23:34:10.340 31-05-2016 | INFO  | main                 | o.c.strongbox.configuration.ConfigurationManager   |     -> Repository: releases-by-juan
23:34:10.340 31-05-2016 | INFO  | main                 | o.c.strongbox.configuration.ConfigurationManager   |     -> Repository: group-releases-nested-deep-3
23:34:10.340 31-05-2016 | INFO  | main                 | o.c.strongbox.configuration.ConfigurationManager   |     -> Repository: group-releases-nested-deep-2
23:34:10.340 31-05-2016 | INFO  | main                 | o.c.strongbox.configuration.ConfigurationManager   |     -> Repository: releases-without-deployment
23:34:10.340 31-05-2016 | INFO  | main                 | o.c.strongbox.configuration.ConfigurationManager   |     -> Repository: releases-in-memory
23:34:10.341 31-05-2016 | INFO  | main                 | o.c.strongbox.configuration.ConfigurationManager   |     -> Repository: releases
23:34:10.341 31-05-2016 | INFO  | main                 | o.c.strongbox.configuration.ConfigurationManager   |     -> Repository: group-releases-without-options
23:34:10.341 31-05-2016 | INFO  | main                 | o.c.strongbox.configuration.ConfigurationManager   |     -> Repository: releases-with-trash
23:34:10.341 31-05-2016 | INFO  | main                 | o.c.strongbox.configuration.ConfigurationManager   |     -> Repository: snapshots
23:34:10.341 31-05-2016 | INFO  | main                 | o.c.strongbox.configuration.ConfigurationManager   |     -> Repository: releases-without-browsing
23:34:10.341 31-05-2016 | INFO  | main                 | o.c.strongbox.configuration.ConfigurationManager   |     -> Repository: group-releases
23:34:10.341 31-05-2016 | INFO  | main                 | o.c.strongbox.configuration.ConfigurationManager   |     -> Repository: snapshots-in-memory
23:34:10.341 31-05-2016 | INFO  | main                 | o.c.strongbox.configuration.ConfigurationManager   |     -> Repository: releases-without-delete-trash
23:34:10.341 31-05-2016 | INFO  | main                 | o.c.strongbox.configuration.ConfigurationManager   |     -> Repository: group-releases-nested
23:34:10.341 31-05-2016 | INFO  | main                 | o.c.strongbox.configuration.ConfigurationManager   |     -> Repository: releases-with-redeployment
23:34:10.342 31-05-2016 | INFO  | main                 | o.c.strongbox.configuration.ConfigurationManager   |     -> Repository: group-releases-with-options
23:34:10.351 31-05-2016 | INFO  | main                 | o.c.s.services.impl.ArtifactResolutionServiceImpl  | Loading resolvers...
23:34:10.351 31-05-2016 | INFO  | main                 | o.c.s.services.impl.ArtifactResolutionServiceImpl  |  -> class org.carlspring.strongbox.storage.resolvers.FSLocationResolver
23:34:10.351 31-05-2016 | INFO  | main                 | o.c.s.services.impl.ArtifactResolutionServiceImpl  |  -> class org.carlspring.strongbox.storage.resolvers.ProxyLocationResolver
23:34:10.351 31-05-2016 | INFO  | main                 | o.c.s.services.impl.ArtifactResolutionServiceImpl  |  -> class org.carlspring.strongbox.storage.resolvers.GroupLocationResolver
