23:46:33.617 05-05-2016 | INFO  | main                 | o.c.strongbox.configuration.ConfigurationManager   | Initilizing ConfigurationManager
23:46:33.627 05-05-2016 | INFO  | main                 | o.c.s.resource.ConfigurationResourceResolver       | Loading configuration from class path resource [etc/conf/strongbox.xml]...
23:46:33.627 05-05-2016 | INFO  | main                 | o.c.s.configuration.AbstractConfigurationManager   | Loading Strongbox configuration from class path resource [etc/conf/strongbox.xml]...
23:46:33.707 05-05-2016 | INFO  | main                 | o.c.strongbox.configuration.ConfigurationManager   | Configuration version: 1.0
23:46:33.707 05-05-2016 | INFO  | main                 | o.c.strongbox.configuration.ConfigurationManager   | Loading storages...
23:46:33.708 05-05-2016 | INFO  | main                 | o.c.strongbox.configuration.ConfigurationManager   |  -> Storage: storage0
23:46:33.708 05-05-2016 | INFO  | main                 | o.c.strongbox.configuration.ConfigurationManager   |     -> Repository: releases-by-juan
23:46:33.708 05-05-2016 | INFO  | main                 | o.c.strongbox.configuration.ConfigurationManager   |     -> Repository: releases
23:46:33.708 05-05-2016 | INFO  | main                 | o.c.strongbox.configuration.ConfigurationManager   |     -> Repository: releases-in-memory
23:46:33.708 05-05-2016 | INFO  | main                 | o.c.strongbox.configuration.ConfigurationManager   |     -> Repository: releases-with-redeployment
23:46:33.708 05-05-2016 | INFO  | main                 | o.c.strongbox.configuration.ConfigurationManager   |     -> Repository: releases-with-trash
23:46:33.708 05-05-2016 | INFO  | main                 | o.c.strongbox.configuration.ConfigurationManager   |     -> Repository: releases-without-deployment
23:46:33.708 05-05-2016 | INFO  | main                 | o.c.strongbox.configuration.ConfigurationManager   |     -> Repository: releases-without-redeployment
23:46:33.708 05-05-2016 | INFO  | main                 | o.c.strongbox.configuration.ConfigurationManager   |     -> Repository: releases-without-delete
23:46:33.708 05-05-2016 | INFO  | main                 | o.c.strongbox.configuration.ConfigurationManager   |     -> Repository: releases-without-delete-trash
23:46:33.709 05-05-2016 | INFO  | main                 | o.c.strongbox.configuration.ConfigurationManager   |     -> Repository: releases-without-browsing
23:46:33.709 05-05-2016 | INFO  | main                 | o.c.strongbox.configuration.ConfigurationManager   |     -> Repository: snapshots
23:46:33.709 05-05-2016 | INFO  | main                 | o.c.strongbox.configuration.ConfigurationManager   |     -> Repository: snapshots-in-memory
23:46:33.709 05-05-2016 | INFO  | main                 | o.c.strongbox.configuration.ConfigurationManager   |     -> Repository: proxied-releases
23:46:33.709 05-05-2016 | INFO  | main                 | o.c.strongbox.configuration.ConfigurationManager   |     -> Repository: group-releases
23:46:33.709 05-05-2016 | INFO  | main                 | o.c.strongbox.configuration.ConfigurationManager   |     -> Repository: group-releases-with-options
23:46:33.709 05-05-2016 | INFO  | main                 | o.c.strongbox.configuration.ConfigurationManager   |     -> Repository: group-releases-without-options
23:46:33.709 05-05-2016 | INFO  | main                 | o.c.strongbox.configuration.ConfigurationManager   |     -> Repository: group-releases-nested
23:46:33.709 05-05-2016 | INFO  | main                 | o.c.strongbox.configuration.ConfigurationManager   |     -> Repository: group-releases-nested-deep-1
23:46:33.709 05-05-2016 | INFO  | main                 | o.c.strongbox.configuration.ConfigurationManager   |     -> Repository: group-releases-nested-deep-2
23:46:33.710 05-05-2016 | INFO  | main                 | o.c.strongbox.configuration.ConfigurationManager   |     -> Repository: group-releases-nested-deep-3
23:46:33.784 05-05-2016 | INFO  | main                 | o.c.s.services.impl.ArtifactResolutionServiceImpl  | Loading resolvers...
23:46:33.785 05-05-2016 | INFO  | main                 | o.c.s.services.impl.ArtifactResolutionServiceImpl  |  -> class org.carlspring.strongbox.storage.resolvers.FSLocationResolver
23:46:33.785 05-05-2016 | INFO  | main                 | o.c.s.services.impl.ArtifactResolutionServiceImpl  |  -> class org.carlspring.strongbox.storage.resolvers.GroupLocationResolver
23:46:33.972 05-05-2016 | INFO  | main                 | o.c.strongbox.configuration.ConfigurationManager   | Initilizing ConfigurationManager
23:46:33.973 05-05-2016 | INFO  | main                 | o.c.s.resource.ConfigurationResourceResolver       | Loading configuration from class path resource [etc/conf/strongbox.xml]...
23:46:33.973 05-05-2016 | INFO  | main                 | o.c.s.configuration.AbstractConfigurationManager   | Loading Strongbox configuration from class path resource [etc/conf/strongbox.xml]...
23:46:33.985 05-05-2016 | INFO  | main                 | o.c.strongbox.configuration.ConfigurationManager   | Configuration version: 1.0
23:46:33.986 05-05-2016 | INFO  | main                 | o.c.strongbox.configuration.ConfigurationManager   | Loading storages...
23:46:33.986 05-05-2016 | INFO  | main                 | o.c.strongbox.configuration.ConfigurationManager   |  -> Storage: storage0
23:46:33.986 05-05-2016 | INFO  | main                 | o.c.strongbox.configuration.ConfigurationManager   |     -> Repository: releases-by-juan
23:46:33.986 05-05-2016 | INFO  | main                 | o.c.strongbox.configuration.ConfigurationManager   |     -> Repository: releases
23:46:33.986 05-05-2016 | INFO  | main                 | o.c.strongbox.configuration.ConfigurationManager   |     -> Repository: releases-in-memory
23:46:33.986 05-05-2016 | INFO  | main                 | o.c.strongbox.configuration.ConfigurationManager   |     -> Repository: releases-with-redeployment
23:46:33.986 05-05-2016 | INFO  | main                 | o.c.strongbox.configuration.ConfigurationManager   |     -> Repository: releases-with-trash
23:46:33.987 05-05-2016 | INFO  | main                 | o.c.strongbox.configuration.ConfigurationManager   |     -> Repository: releases-without-deployment
23:46:33.987 05-05-2016 | INFO  | main                 | o.c.strongbox.configuration.ConfigurationManager   |     -> Repository: releases-without-redeployment
23:46:33.987 05-05-2016 | INFO  | main                 | o.c.strongbox.configuration.ConfigurationManager   |     -> Repository: releases-without-delete
23:46:33.987 05-05-2016 | INFO  | main                 | o.c.strongbox.configuration.ConfigurationManager   |     -> Repository: releases-without-delete-trash
23:46:33.987 05-05-2016 | INFO  | main                 | o.c.strongbox.configuration.ConfigurationManager   |     -> Repository: releases-without-browsing
23:46:33.987 05-05-2016 | INFO  | main                 | o.c.strongbox.configuration.ConfigurationManager   |     -> Repository: snapshots
23:46:33.987 05-05-2016 | INFO  | main                 | o.c.strongbox.configuration.ConfigurationManager   |     -> Repository: snapshots-in-memory
23:46:33.987 05-05-2016 | INFO  | main                 | o.c.strongbox.configuration.ConfigurationManager   |     -> Repository: proxied-releases
23:46:33.988 05-05-2016 | INFO  | main                 | o.c.strongbox.configuration.ConfigurationManager   |     -> Repository: group-releases
23:46:33.988 05-05-2016 | INFO  | main                 | o.c.strongbox.configuration.ConfigurationManager   |     -> Repository: group-releases-with-options
23:46:33.988 05-05-2016 | INFO  | main                 | o.c.strongbox.configuration.ConfigurationManager   |     -> Repository: group-releases-without-options
23:46:33.988 05-05-2016 | INFO  | main                 | o.c.strongbox.configuration.ConfigurationManager   |     -> Repository: group-releases-nested
23:46:33.988 05-05-2016 | INFO  | main                 | o.c.strongbox.configuration.ConfigurationManager   |     -> Repository: group-releases-nested-deep-1
23:46:33.988 05-05-2016 | INFO  | main                 | o.c.strongbox.configuration.ConfigurationManager   |     -> Repository: group-releases-nested-deep-2
23:46:33.988 05-05-2016 | INFO  | main                 | o.c.strongbox.configuration.ConfigurationManager   |     -> Repository: group-releases-nested-deep-3
23:46:33.997 05-05-2016 | INFO  | main                 | o.c.s.services.impl.ArtifactResolutionServiceImpl  | Loading resolvers...
23:46:33.997 05-05-2016 | INFO  | main                 | o.c.s.services.impl.ArtifactResolutionServiceImpl  |  -> class org.carlspring.strongbox.storage.resolvers.FSLocationResolver
23:46:33.997 05-05-2016 | INFO  | main                 | o.c.s.services.impl.ArtifactResolutionServiceImpl  |  -> class org.carlspring.strongbox.storage.resolvers.GroupLocationResolver
23:46:34.037 05-05-2016 | DEBUG | main                 | o.c.strongbox.artifact.generator.ArtifactGenerator | Generating pom file for org.apache.maven:location-utils:1.0.1:jar...
23:46:34.101 05-05-2016 | DEBUG | main                 | o.c.strongbox.artifact.generator.ArtifactGenerator | Generating pom file for org.apache.maven:location-utils:1.0.2:jar...
23:46:34.182 05-05-2016 | DEBUG | main                 | o.c.strongbox.artifact.generator.ArtifactGenerator | Generating pom file for org.apache.maven:location-utils:1.1:jar...
23:46:34.244 05-05-2016 | DEBUG | main                 | o.c.strongbox.artifact.generator.ArtifactGenerator | Generating pom file for org.apache.maven:location-utils:1.2:jar...
23:46:34.277 05-05-2016 | DEBUG | main                 | o.c.strongbox.artifact.generator.ArtifactGenerator | Generating pom file for org.apache.maven:location-utils:1.2.1:jar...
23:46:34.345 05-05-2016 | DEBUG | main                 | o.c.strongbox.artifact.generator.ArtifactGenerator | Generating pom file for com.carlspring.strongbox:foo:5.1:jar...
23:46:34.362 05-05-2016 | DEBUG | main                 | o.c.strongbox.artifact.generator.ArtifactGenerator | Generating pom file for com.carlspring.strongbox:foo:5.2:jar...
23:46:34.398 05-05-2016 | DEBUG | main                 | o.c.strongbox.artifact.generator.ArtifactGenerator | Generating pom file for com.carlspring.strongbox:foo:5.3:jar...
23:46:34.464 05-05-2016 | DEBUG | main                 | o.c.strongbox.artifact.generator.ArtifactGenerator | Generating pom file for org.carlspring.maven:locator-testing:2.1:jar...
23:46:34.497 05-05-2016 | DEBUG | main                 | o.c.strongbox.artifact.generator.ArtifactGenerator | Generating pom file for org.carlspring.maven:locator-testing:2.2:jar...
23:46:34.553 05-05-2016 | DEBUG | main                 | o.c.strongbox.artifact.generator.ArtifactGenerator | Generating pom file for org.carlspring.maven:locator-testing:2.3:jar...
23:46:34.559 05-05-2016 | DEBUG | main                 | o.c.strongbox.artifact.generator.ArtifactGenerator | Generating pom file for org.carlspring.maven:locator-testing:2.4:jar...
23:46:34.617 05-05-2016 | DEBUG | main                 | o.c.strongbox.artifact.generator.ArtifactGenerator | Generating pom file for org.carlspring.maven:locator-testing:2.5:jar...
23:46:34.683 05-05-2016 | DEBUG | main                 | o.c.strongbox.artifact.generator.ArtifactGenerator | Generating pom file for org.carlspring.maven:locator-testing:3.0:jar...
23:46:34.705 05-05-2016 | DEBUG | main                 | o.c.strongbox.artifact.generator.ArtifactGenerator | Generating pom file for org.carlspring.strongbox:locator:5.2.1:jar...
23:46:34.845 05-05-2016 | DEBUG | main                 | o.c.strongbox.artifact.generator.ArtifactGenerator | Generating pom file for org.carlspring.strongbox:locator:5.2.2:jar...
23:46:34.919 05-05-2016 | DEBUG | main                 | o.c.strongbox.artifact.generator.ArtifactGenerator | Generating pom file for org.carlspring.strongbox:locator:5.2.2:jar...
23:46:35.056 05-05-2016 | DEBUG | main                 | o.c.strongbox.artifact.generator.ArtifactGenerator | Generating pom file for org.carlspring.strongbox.locator:foo-locator:1.0:jar...
23:46:35.115 05-05-2016 | DEBUG | main                 | o.c.strongbox.artifact.generator.ArtifactGenerator | Generating pom file for org.carlspring.strongbox.locator:foo-locator:1.1:jar...
23:46:35.135 05-05-2016 | DEBUG | main                 | o.c.strongbox.artifact.generator.ArtifactGenerator | Generating pom file for org.carlspring.strongbox.locator:foo-locator:1.2:jar...
23:46:35.139 05-05-2016 | DEBUG | main                 | o.c.strongbox.artifact.generator.ArtifactGenerator | Generating pom file for org.carlspring.strongbox.locator:utils:2.1:jar...
23:46:35.197 05-05-2016 | DEBUG | main                 | o.c.strongbox.artifact.generator.ArtifactGenerator | Generating pom file for org.carlspring.strongbox.locator:utils:2.2:jar...
23:46:35.264 05-05-2016 | DEBUG | main                 | o.c.strongbox.artifact.generator.ArtifactGenerator | Generating pom file for org.carlspring.strongbox.locator:utils:2.3:jar...
23:46:35.344 05-05-2016 | DEBUG | main                 | o.c.s.artifact.locator.ArtifactDirectoryLocator    | Executed (cache: 3) visits in 73 ms.
23:46:35.358 05-05-2016 | DEBUG | main                 | o.c.s.artifact.locator.ArtifactDirectoryLocator    | Executed (cache: 3) visits in 12 ms.
23:46:35.445 05-05-2016 | INFO  | main                 | o.c.strongbox.configuration.ConfigurationManager   | Initilizing ConfigurationManager
23:46:35.447 05-05-2016 | INFO  | main                 | o.c.s.resource.ConfigurationResourceResolver       | Loading configuration from class path resource [etc/conf/strongbox.xml]...
23:46:35.447 05-05-2016 | INFO  | main                 | o.c.s.configuration.AbstractConfigurationManager   | Loading Strongbox configuration from class path resource [etc/conf/strongbox.xml]...
23:46:35.460 05-05-2016 | INFO  | main                 | o.c.strongbox.configuration.ConfigurationManager   | Configuration version: 1.0
23:46:35.460 05-05-2016 | INFO  | main                 | o.c.strongbox.configuration.ConfigurationManager   | Loading storages...
23:46:35.461 05-05-2016 | INFO  | main                 | o.c.strongbox.configuration.ConfigurationManager   |  -> Storage: storage0
23:46:35.461 05-05-2016 | INFO  | main                 | o.c.strongbox.configuration.ConfigurationManager   |     -> Repository: releases-by-juan
23:46:35.461 05-05-2016 | INFO  | main                 | o.c.strongbox.configuration.ConfigurationManager   |     -> Repository: releases
23:46:35.461 05-05-2016 | INFO  | main                 | o.c.strongbox.configuration.ConfigurationManager   |     -> Repository: releases-in-memory
23:46:35.461 05-05-2016 | INFO  | main                 | o.c.strongbox.configuration.ConfigurationManager   |     -> Repository: releases-with-redeployment
23:46:35.461 05-05-2016 | INFO  | main                 | o.c.strongbox.configuration.ConfigurationManager   |     -> Repository: releases-with-trash
23:46:35.461 05-05-2016 | INFO  | main                 | o.c.strongbox.configuration.ConfigurationManager   |     -> Repository: releases-without-deployment
23:46:35.461 05-05-2016 | INFO  | main                 | o.c.strongbox.configuration.ConfigurationManager   |     -> Repository: releases-without-redeployment
23:46:35.461 05-05-2016 | INFO  | main                 | o.c.strongbox.configuration.ConfigurationManager   |     -> Repository: releases-without-delete
23:46:35.461 05-05-2016 | INFO  | main                 | o.c.strongbox.configuration.ConfigurationManager   |     -> Repository: releases-without-delete-trash
23:46:35.462 05-05-2016 | INFO  | main                 | o.c.strongbox.configuration.ConfigurationManager   |     -> Repository: releases-without-browsing
23:46:35.462 05-05-2016 | INFO  | main                 | o.c.strongbox.configuration.ConfigurationManager   |     -> Repository: snapshots
23:46:35.462 05-05-2016 | INFO  | main                 | o.c.strongbox.configuration.ConfigurationManager   |     -> Repository: snapshots-in-memory
23:46:35.462 05-05-2016 | INFO  | main                 | o.c.strongbox.configuration.ConfigurationManager   |     -> Repository: proxied-releases
23:46:35.462 05-05-2016 | INFO  | main                 | o.c.strongbox.configuration.ConfigurationManager   |     -> Repository: group-releases
23:46:35.462 05-05-2016 | INFO  | main                 | o.c.strongbox.configuration.ConfigurationManager   |     -> Repository: group-releases-with-options
23:46:35.462 05-05-2016 | INFO  | main                 | o.c.strongbox.configuration.ConfigurationManager   |     -> Repository: group-releases-without-options
23:46:35.462 05-05-2016 | INFO  | main                 | o.c.strongbox.configuration.ConfigurationManager   |     -> Repository: group-releases-nested
23:46:35.462 05-05-2016 | INFO  | main                 | o.c.strongbox.configuration.ConfigurationManager   |     -> Repository: group-releases-nested-deep-1
23:46:35.462 05-05-2016 | INFO  | main                 | o.c.strongbox.configuration.ConfigurationManager   |     -> Repository: group-releases-nested-deep-2
23:46:35.463 05-05-2016 | INFO  | main                 | o.c.strongbox.configuration.ConfigurationManager   |     -> Repository: group-releases-nested-deep-3
23:46:35.471 05-05-2016 | INFO  | main                 | o.c.s.services.impl.ArtifactResolutionServiceImpl  | Loading resolvers...
23:46:35.471 05-05-2016 | INFO  | main                 | o.c.s.services.impl.ArtifactResolutionServiceImpl  |  -> class org.carlspring.strongbox.storage.resolvers.FSLocationResolver
23:46:35.471 05-05-2016 | INFO  | main                 | o.c.s.services.impl.ArtifactResolutionServiceImpl  |  -> class org.carlspring.strongbox.storage.resolvers.GroupLocationResolver
23:46:35.483 05-05-2016 | DEBUG | main                 | o.c.strongbox.artifact.generator.ArtifactGenerator | Generating pom file for com.artifacts.to.delete.releases:delete-foo:1.2.1:jar...
23:46:35.515 05-05-2016 | DEBUG | main                 | o.c.strongbox.artifact.generator.ArtifactGenerator | Generating pom file for com.artifacts.to.delete.releases:delete-foo:1.2.2:jar...
23:46:35.548 05-05-2016 | DEBUG | main                 | o.c.strongbox.storage.resolvers.FSLocationResolver | Checking in storage0:releases(/Users/ivanursul/git/strongbox/strongbox-storage/strongbox-storage-api/target/strongbox-vault/storages/storage0/releases/com/artifacts/to/delete/releases/delete-foo/1.2.1/delete-foo-1.2.1.jar)...
23:46:35.548 05-05-2016 | DEBUG | main                 | o.c.strongbox.storage.resolvers.FSLocationResolver | Deleted /releases/com/artifacts/to/delete/releases/delete-foo/1.2.1/delete-foo-1.2.1.jar.md5.
23:46:35.548 05-05-2016 | DEBUG | main                 | o.c.strongbox.storage.resolvers.FSLocationResolver | Deleted /releases/com/artifacts/to/delete/releases/delete-foo/1.2.1/delete-foo-1.2.1.jar.sha1.
23:46:35.548 05-05-2016 | DEBUG | main                 | o.c.strongbox.storage.resolvers.FSLocationResolver | Removed /releases/com/artifacts/to/delete/releases/delete-foo/1.2.1/delete-foo-1.2.1.jar
23:46:35.550 05-05-2016 | DEBUG | main                 | o.c.strongbox.storage.resolvers.FSLocationResolver | Checking in storage0:releases(/Users/ivanursul/git/strongbox/strongbox-storage/strongbox-storage-api/target/strongbox-vault/storages/storage0/releases/com/artifacts/to/delete/releases/delete-foo/1.2.2)...
23:46:35.552 05-05-2016 | DEBUG | main                 | o.c.strongbox.storage.resolvers.FSLocationResolver | Removed /releases/com/artifacts/to/delete/releases/delete-foo/1.2.2
23:46:35.637 05-05-2016 | INFO  | main                 | o.c.strongbox.configuration.ConfigurationManager   | Initilizing ConfigurationManager
23:46:35.638 05-05-2016 | INFO  | main                 | o.c.s.resource.ConfigurationResourceResolver       | Loading configuration from class path resource [etc/conf/strongbox.xml]...
23:46:35.638 05-05-2016 | INFO  | main                 | o.c.s.configuration.AbstractConfigurationManager   | Loading Strongbox configuration from class path resource [etc/conf/strongbox.xml]...
23:46:35.653 05-05-2016 | INFO  | main                 | o.c.strongbox.configuration.ConfigurationManager   | Configuration version: 1.0
23:46:35.653 05-05-2016 | INFO  | main                 | o.c.strongbox.configuration.ConfigurationManager   | Loading storages...
23:46:35.653 05-05-2016 | INFO  | main                 | o.c.strongbox.configuration.ConfigurationManager   |  -> Storage: storage0
23:46:35.653 05-05-2016 | INFO  | main                 | o.c.strongbox.configuration.ConfigurationManager   |     -> Repository: releases-by-juan
23:46:35.654 05-05-2016 | INFO  | main                 | o.c.strongbox.configuration.ConfigurationManager   |     -> Repository: releases
23:46:35.654 05-05-2016 | INFO  | main                 | o.c.strongbox.configuration.ConfigurationManager   |     -> Repository: releases-in-memory
23:46:35.654 05-05-2016 | INFO  | main                 | o.c.strongbox.configuration.ConfigurationManager   |     -> Repository: releases-with-redeployment
23:46:35.654 05-05-2016 | INFO  | main                 | o.c.strongbox.configuration.ConfigurationManager   |     -> Repository: releases-with-trash
23:46:35.654 05-05-2016 | INFO  | main                 | o.c.strongbox.configuration.ConfigurationManager   |     -> Repository: releases-without-deployment
23:46:35.654 05-05-2016 | INFO  | main                 | o.c.strongbox.configuration.ConfigurationManager   |     -> Repository: releases-without-redeployment
23:46:35.654 05-05-2016 | INFO  | main                 | o.c.strongbox.configuration.ConfigurationManager   |     -> Repository: releases-without-delete
23:46:35.654 05-05-2016 | INFO  | main                 | o.c.strongbox.configuration.ConfigurationManager   |     -> Repository: releases-without-delete-trash
23:46:35.655 05-05-2016 | INFO  | main                 | o.c.strongbox.configuration.ConfigurationManager   |     -> Repository: releases-without-browsing
23:46:35.655 05-05-2016 | INFO  | main                 | o.c.strongbox.configuration.ConfigurationManager   |     -> Repository: snapshots
23:46:35.655 05-05-2016 | INFO  | main                 | o.c.strongbox.configuration.ConfigurationManager   |     -> Repository: snapshots-in-memory
23:46:35.655 05-05-2016 | INFO  | main                 | o.c.strongbox.configuration.ConfigurationManager   |     -> Repository: proxied-releases
23:46:35.655 05-05-2016 | INFO  | main                 | o.c.strongbox.configuration.ConfigurationManager   |     -> Repository: group-releases
23:46:35.655 05-05-2016 | INFO  | main                 | o.c.strongbox.configuration.ConfigurationManager   |     -> Repository: group-releases-with-options
23:46:35.655 05-05-2016 | INFO  | main                 | o.c.strongbox.configuration.ConfigurationManager   |     -> Repository: group-releases-without-options
23:46:35.655 05-05-2016 | INFO  | main                 | o.c.strongbox.configuration.ConfigurationManager   |     -> Repository: group-releases-nested
23:46:35.655 05-05-2016 | INFO  | main                 | o.c.strongbox.configuration.ConfigurationManager   |     -> Repository: group-releases-nested-deep-1
23:46:35.656 05-05-2016 | INFO  | main                 | o.c.strongbox.configuration.ConfigurationManager   |     -> Repository: group-releases-nested-deep-2
23:46:35.656 05-05-2016 | INFO  | main                 | o.c.strongbox.configuration.ConfigurationManager   |     -> Repository: group-releases-nested-deep-3
23:46:35.666 05-05-2016 | INFO  | main                 | o.c.s.services.impl.ArtifactResolutionServiceImpl  | Loading resolvers...
23:46:35.666 05-05-2016 | INFO  | main                 | o.c.s.services.impl.ArtifactResolutionServiceImpl  |  -> class org.carlspring.strongbox.storage.resolvers.FSLocationResolver
23:46:35.666 05-05-2016 | INFO  | main                 | o.c.s.services.impl.ArtifactResolutionServiceImpl  |  -> class org.carlspring.strongbox.storage.resolvers.GroupLocationResolver
23:46:35.677 05-05-2016 | DEBUG | main                 | o.c.strongbox.artifact.generator.ArtifactGenerator | Generating pom file for com.artifacts.in.releases.with.trash:foo:1.2.3:jar...
23:46:35.711 05-05-2016 | DEBUG | main                 | o.c.strongbox.artifact.generator.ArtifactGenerator | Generating pom file for com.artifacts.in.releases:foo:1.2.4:jar...
23:46:35.723 05-05-2016 | DEBUG | main                 | o.c.strongbox.artifact.generator.ArtifactGenerator | Generating pom file for com.artifacts.denied.in.memory:foo:1.2.5:jar...
23:46:35.753 05-05-2016 | DEBUG | main                 | o.c.strongbox.artifact.generator.ArtifactGenerator | Generating pom file for com.artifacts.denied.by.wildcard:foo:1.2.6:jar...
23:46:35.797 05-05-2016 | DEBUG | main                 | o.c.strongbox.artifact.generator.ArtifactGenerator | Generating pom file for org.carlspring.metadata.by.juan:juancho:1.2.64:jar...
23:46:35.802 05-05-2016 | DEBUG | main                 | o.c.s.storage.resolvers.GroupLocationResolver      | Checking in storage0:group-releases-nested-deep-1...
23:46:35.802 05-05-2016 | DEBUG | main                 | o.c.s.storage.resolvers.GroupLocationResolver      | Checking in storage0:group-releases-nested-deep-2...
23:46:35.802 05-05-2016 | DEBUG | main                 | o.c.s.storage.resolvers.GroupLocationResolver      | Checking in storage0:group-releases-nested-deep-3...
23:46:35.803 05-05-2016 | DEBUG | main                 | o.c.s.storage.resolvers.GroupLocationResolver      |  -> Checking for /Users/ivanursul/git/strongbox/strongbox-storage/strongbox-storage-api/target/strongbox-vault/storages/storage0/releases-by-juan/org/carlspring/metadata/by/juan/juancho/1.2.64/juancho-1.2.64.jar...
23:46:35.803 05-05-2016 | DEBUG | main                 | o.c.s.storage.resolvers.GroupLocationResolver      | Resolved /Users/ivanursul/git/strongbox/strongbox-storage/strongbox-storage-api/target/strongbox-vault/storages/storage0/releases-by-juan/org/carlspring/metadata/by/juan/juancho/1.2.64/juancho-1.2.64.jar!
23:46:35.803 05-05-2016 | DEBUG | main                 | o.c.s.storage.resolvers.GroupLocationResolver      | Located artifact: [storage0:releases-by-juan]
23:46:35.803 05-05-2016 | DEBUG | main                 | o.c.s.storage.resolvers.GroupLocationResolver      | Located artifact: [storage0:group-releases-nested-deep-3]
23:46:35.803 05-05-2016 | DEBUG | main                 | o.c.s.storage.resolvers.GroupLocationResolver      | Located artifact: [storage0:group-releases-nested-deep-2]
23:46:35.804 05-05-2016 | DEBUG | main                 | o.c.s.storage.resolvers.GroupLocationResolver      | Checking in storage0:group-releases...
23:46:35.804 05-05-2016 | DEBUG | main                 | o.c.s.storage.resolvers.GroupLocationResolver      |  -> Checking for /Users/ivanursul/git/strongbox/strongbox-storage/strongbox-storage-api/target/strongbox-vault/storages/storage0/releases/com/artifacts/in/releases/foo/1.2.4/foo-1.2.4.jar...
23:46:35.804 05-05-2016 | DEBUG | main                 | o.c.s.storage.resolvers.GroupLocationResolver      | Resolved /Users/ivanursul/git/strongbox/strongbox-storage/strongbox-storage-api/target/strongbox-vault/storages/storage0/releases/com/artifacts/in/releases/foo/1.2.4/foo-1.2.4.jar!
23:46:35.805 05-05-2016 | DEBUG | main                 | o.c.s.storage.resolvers.GroupLocationResolver      | Located artifact: [storage0:releases]
23:46:35.805 05-05-2016 | DEBUG | main                 | o.c.s.storage.resolvers.GroupLocationResolver      | Checking in storage0:group-releases...
23:46:35.806 05-05-2016 | DEBUG | main                 | o.c.s.storage.resolvers.GroupLocationResolver      |  -> Checking for /Users/ivanursul/git/strongbox/strongbox-storage/strongbox-storage-api/target/strongbox-vault/storages/storage0/releases-with-trash/com/artifacts/in/releases/with/trash/foo/1.2.3/foo-1.2.3.jar...
23:46:35.806 05-05-2016 | DEBUG | main                 | o.c.s.storage.resolvers.GroupLocationResolver      | Resolved /Users/ivanursul/git/strongbox/strongbox-storage/strongbox-storage-api/target/strongbox-vault/storages/storage0/releases-with-trash/com/artifacts/in/releases/with/trash/foo/1.2.3/foo-1.2.3.jar!
23:46:35.806 05-05-2016 | DEBUG | main                 | o.c.s.storage.resolvers.GroupLocationResolver      | Located artifact: [storage0:releases-with-trash]
23:46:35.806 05-05-2016 | DEBUG | main                 | o.c.s.storage.resolvers.GroupLocationResolver      | Checking in storage0:group-releases...
23:46:35.807 05-05-2016 | DEBUG | main                 | o.c.s.storage.resolvers.GroupLocationResolver      |  -> Checking for /Users/ivanursul/git/strongbox/strongbox-storage/strongbox-storage-api/target/strongbox-vault/storages/storage0/releases-in-memory/com/artifacts/in/releases/foo/1.2.4/foo-1.2.4.jar...
23:46:35.807 05-05-2016 | DEBUG | main                 | o.c.s.storage.resolvers.GroupLocationResolver      |  -> Checking for /Users/ivanursul/git/strongbox/strongbox-storage/strongbox-storage-api/target/strongbox-vault/storages/storage0/releases-with-redeployment/com/artifacts/in/releases/foo/1.2.4/foo-1.2.4.jar...
23:46:35.807 05-05-2016 | DEBUG | main                 | o.c.s.storage.resolvers.GroupLocationResolver      |  -> Checking for /Users/ivanursul/git/strongbox/strongbox-storage/strongbox-storage-api/target/strongbox-vault/storages/storage0/releases-with-trash/com/artifacts/in/releases/foo/1.2.4/foo-1.2.4.jar...
23:46:35.808 05-05-2016 | DEBUG | main                 | o.c.s.storage.resolvers.GroupLocationResolver      |  -> Checking for /Users/ivanursul/git/strongbox/strongbox-storage/strongbox-storage-api/target/strongbox-vault/storages/storage0/releases-without-deployment/com/artifacts/in/releases/foo/1.2.4/foo-1.2.4.jar...
23:46:35.808 05-05-2016 | DEBUG | main                 | o.c.s.storage.resolvers.GroupLocationResolver      |  -> Checking for /Users/ivanursul/git/strongbox/strongbox-storage/strongbox-storage-api/target/strongbox-vault/storages/storage0/releases-without-redeployment/com/artifacts/in/releases/foo/1.2.4/foo-1.2.4.jar...
23:46:35.808 05-05-2016 | DEBUG | main                 | o.c.s.storage.resolvers.GroupLocationResolver      |  -> Checking for /Users/ivanursul/git/strongbox/strongbox-storage/strongbox-storage-api/target/strongbox-vault/storages/storage0/releases-without-delete/com/artifacts/in/releases/foo/1.2.4/foo-1.2.4.jar...
23:46:35.808 05-05-2016 | DEBUG | main                 | o.c.s.storage.resolvers.GroupLocationResolver      |  -> Checking for /Users/ivanursul/git/strongbox/strongbox-storage/strongbox-storage-api/target/strongbox-vault/storages/storage0/releases-without-delete-trash/com/artifacts/in/releases/foo/1.2.4/foo-1.2.4.jar...
23:46:35.809 05-05-2016 | DEBUG | main                 | o.c.s.storage.resolvers.GroupLocationResolver      |  -> Checking for /Users/ivanursul/git/strongbox/strongbox-storage/strongbox-storage-api/target/strongbox-vault/storages/storage0/releases-without-browsing/com/artifacts/in/releases/foo/1.2.4/foo-1.2.4.jar...
23:46:35.809 05-05-2016 | DEBUG | main                 | o.c.s.storage.resolvers.GroupLocationResolver      | Checking in storage0:group-releases-nested...
23:46:35.810 05-05-2016 | DEBUG | main                 | o.c.s.storage.resolvers.GroupLocationResolver      |  -> Checking for /Users/ivanursul/git/strongbox/strongbox-storage/strongbox-storage-api/target/strongbox-vault/storages/storage0/releases/com/artifacts/in/releases/foo/1.2.4/foo-1.2.4.jar...
23:46:35.810 05-05-2016 | DEBUG | main                 | o.c.s.storage.resolvers.GroupLocationResolver      | Resolved /Users/ivanursul/git/strongbox/strongbox-storage/strongbox-storage-api/target/strongbox-vault/storages/storage0/releases/com/artifacts/in/releases/foo/1.2.4/foo-1.2.4.jar!
23:46:35.810 05-05-2016 | DEBUG | main                 | o.c.s.storage.resolvers.GroupLocationResolver      | Located artifact: [storage0:releases]
23:46:35.811 05-05-2016 | DEBUG | main                 | o.c.s.storage.resolvers.GroupLocationResolver      | Checking in storage0:group-releases...
23:46:35.811 05-05-2016 | DEBUG | main                 | o.c.s.storage.resolvers.GroupLocationResolver      |  -> Checking for /Users/ivanursul/git/strongbox/strongbox-storage/strongbox-storage-api/target/strongbox-vault/storages/storage0/releases-in-memory/com/artifacts/denied/by/wildcard/foo/1.2.6/foo-1.2.6.jar...
23:46:35.812 05-05-2016 | DEBUG | main                 | o.c.s.storage.resolvers.GroupLocationResolver      |  -> Checking for /Users/ivanursul/git/strongbox/strongbox-storage/strongbox-storage-api/target/strongbox-vault/storages/storage0/releases-with-redeployment/com/artifacts/denied/by/wildcard/foo/1.2.6/foo-1.2.6.jar...
23:46:35.812 05-05-2016 | DEBUG | main                 | o.c.s.storage.resolvers.GroupLocationResolver      |  -> Checking for /Users/ivanursul/git/strongbox/strongbox-storage/strongbox-storage-api/target/strongbox-vault/storages/storage0/releases-with-trash/com/artifacts/denied/by/wildcard/foo/1.2.6/foo-1.2.6.jar...
23:46:35.813 05-05-2016 | DEBUG | main                 | o.c.s.storage.resolvers.GroupLocationResolver      |  -> Checking for /Users/ivanursul/git/strongbox/strongbox-storage/strongbox-storage-api/target/strongbox-vault/storages/storage0/releases-without-deployment/com/artifacts/denied/by/wildcard/foo/1.2.6/foo-1.2.6.jar...
23:46:35.813 05-05-2016 | DEBUG | main                 | o.c.s.storage.resolvers.GroupLocationResolver      |  -> Checking for /Users/ivanursul/git/strongbox/strongbox-storage/strongbox-storage-api/target/strongbox-vault/storages/storage0/releases-without-redeployment/com/artifacts/denied/by/wildcard/foo/1.2.6/foo-1.2.6.jar...
23:46:35.813 05-05-2016 | DEBUG | main                 | o.c.s.storage.resolvers.GroupLocationResolver      |  -> Checking for /Users/ivanursul/git/strongbox/strongbox-storage/strongbox-storage-api/target/strongbox-vault/storages/storage0/releases-without-delete/com/artifacts/denied/by/wildcard/foo/1.2.6/foo-1.2.6.jar...
23:46:35.814 05-05-2016 | DEBUG | main                 | o.c.s.storage.resolvers.GroupLocationResolver      |  -> Checking for /Users/ivanursul/git/strongbox/strongbox-storage/strongbox-storage-api/target/strongbox-vault/storages/storage0/releases-without-delete-trash/com/artifacts/denied/by/wildcard/foo/1.2.6/foo-1.2.6.jar...
23:46:35.814 05-05-2016 | DEBUG | main                 | o.c.s.storage.resolvers.GroupLocationResolver      |  -> Checking for /Users/ivanursul/git/strongbox/strongbox-storage/strongbox-storage-api/target/strongbox-vault/storages/storage0/releases-without-browsing/com/artifacts/denied/by/wildcard/foo/1.2.6/foo-1.2.6.jar...
23:46:35.815 05-05-2016 | DEBUG | main                 | o.c.s.storage.resolvers.GroupLocationResolver      | Checking in storage0:group-releases...
23:46:35.816 05-05-2016 | DEBUG | main                 | o.c.s.storage.resolvers.GroupLocationResolver      |  -> Checking for /Users/ivanursul/git/strongbox/strongbox-storage/strongbox-storage-api/target/strongbox-vault/storages/storage0/releases/com/artifacts/denied/in/memory/foo/1.2.5/foo-1.2.5.jar...
23:46:35.816 05-05-2016 | DEBUG | main                 | o.c.s.storage.resolvers.GroupLocationResolver      |  -> Checking for /Users/ivanursul/git/strongbox/strongbox-storage/strongbox-storage-api/target/strongbox-vault/storages/storage0/releases-with-redeployment/com/artifacts/denied/in/memory/foo/1.2.5/foo-1.2.5.jar...
23:46:35.817 05-05-2016 | DEBUG | main                 | o.c.s.storage.resolvers.GroupLocationResolver      |  -> Checking for /Users/ivanursul/git/strongbox/strongbox-storage/strongbox-storage-api/target/strongbox-vault/storages/storage0/releases-with-trash/com/artifacts/denied/in/memory/foo/1.2.5/foo-1.2.5.jar...
23:46:35.817 05-05-2016 | DEBUG | main                 | o.c.s.storage.resolvers.GroupLocationResolver      |  -> Checking for /Users/ivanursul/git/strongbox/strongbox-storage/strongbox-storage-api/target/strongbox-vault/storages/storage0/releases-without-deployment/com/artifacts/denied/in/memory/foo/1.2.5/foo-1.2.5.jar...
23:46:35.817 05-05-2016 | DEBUG | main                 | o.c.s.storage.resolvers.GroupLocationResolver      |  -> Checking for /Users/ivanursul/git/strongbox/strongbox-storage/strongbox-storage-api/target/strongbox-vault/storages/storage0/releases-without-redeployment/com/artifacts/denied/in/memory/foo/1.2.5/foo-1.2.5.jar...
23:46:35.818 05-05-2016 | DEBUG | main                 | o.c.s.storage.resolvers.GroupLocationResolver      |  -> Checking for /Users/ivanursul/git/strongbox/strongbox-storage/strongbox-storage-api/target/strongbox-vault/storages/storage0/releases-without-delete/com/artifacts/denied/in/memory/foo/1.2.5/foo-1.2.5.jar...
23:46:35.818 05-05-2016 | DEBUG | main                 | o.c.s.storage.resolvers.GroupLocationResolver      |  -> Checking for /Users/ivanursul/git/strongbox/strongbox-storage/strongbox-storage-api/target/strongbox-vault/storages/storage0/releases-without-delete-trash/com/artifacts/denied/in/memory/foo/1.2.5/foo-1.2.5.jar...
23:46:35.819 05-05-2016 | DEBUG | main                 | o.c.s.storage.resolvers.GroupLocationResolver      |  -> Checking for /Users/ivanursul/git/strongbox/strongbox-storage/strongbox-storage-api/target/strongbox-vault/storages/storage0/releases-without-browsing/com/artifacts/denied/in/memory/foo/1.2.5/foo-1.2.5.jar...
23:46:35.885 05-05-2016 | INFO  | main                 | o.c.strongbox.configuration.ConfigurationManager   | Initilizing ConfigurationManager
23:46:35.886 05-05-2016 | INFO  | main                 | o.c.s.resource.ConfigurationResourceResolver       | Loading configuration from class path resource [etc/conf/strongbox.xml]...
23:46:35.886 05-05-2016 | INFO  | main                 | o.c.s.configuration.AbstractConfigurationManager   | Loading Strongbox configuration from class path resource [etc/conf/strongbox.xml]...
23:46:35.897 05-05-2016 | INFO  | main                 | o.c.strongbox.configuration.ConfigurationManager   | Configuration version: 1.0
23:46:35.898 05-05-2016 | INFO  | main                 | o.c.strongbox.configuration.ConfigurationManager   | Loading storages...
23:46:35.898 05-05-2016 | INFO  | main                 | o.c.strongbox.configuration.ConfigurationManager   |  -> Storage: storage0
23:46:35.898 05-05-2016 | INFO  | main                 | o.c.strongbox.configuration.ConfigurationManager   |     -> Repository: releases-by-juan
23:46:35.898 05-05-2016 | INFO  | main                 | o.c.strongbox.configuration.ConfigurationManager   |     -> Repository: releases
23:46:35.898 05-05-2016 | INFO  | main                 | o.c.strongbox.configuration.ConfigurationManager   |     -> Repository: releases-in-memory
23:46:35.898 05-05-2016 | INFO  | main                 | o.c.strongbox.configuration.ConfigurationManager   |     -> Repository: releases-with-redeployment
23:46:35.898 05-05-2016 | INFO  | main                 | o.c.strongbox.configuration.ConfigurationManager   |     -> Repository: releases-with-trash
23:46:35.898 05-05-2016 | INFO  | main                 | o.c.strongbox.configuration.ConfigurationManager   |     -> Repository: releases-without-deployment
23:46:35.898 05-05-2016 | INFO  | main                 | o.c.strongbox.configuration.ConfigurationManager   |     -> Repository: releases-without-redeployment
23:46:35.898 05-05-2016 | INFO  | main                 | o.c.strongbox.configuration.ConfigurationManager   |     -> Repository: releases-without-delete
23:46:35.898 05-05-2016 | INFO  | main                 | o.c.strongbox.configuration.ConfigurationManager   |     -> Repository: releases-without-delete-trash
23:46:35.898 05-05-2016 | INFO  | main                 | o.c.strongbox.configuration.ConfigurationManager   |     -> Repository: releases-without-browsing
23:46:35.898 05-05-2016 | INFO  | main                 | o.c.strongbox.configuration.ConfigurationManager   |     -> Repository: snapshots
23:46:35.898 05-05-2016 | INFO  | main                 | o.c.strongbox.configuration.ConfigurationManager   |     -> Repository: snapshots-in-memory
23:46:35.898 05-05-2016 | INFO  | main                 | o.c.strongbox.configuration.ConfigurationManager   |     -> Repository: proxied-releases
23:46:35.898 05-05-2016 | INFO  | main                 | o.c.strongbox.configuration.ConfigurationManager   |     -> Repository: group-releases
23:46:35.898 05-05-2016 | INFO  | main                 | o.c.strongbox.configuration.ConfigurationManager   |     -> Repository: group-releases-with-options
23:46:35.898 05-05-2016 | INFO  | main                 | o.c.strongbox.configuration.ConfigurationManager   |     -> Repository: group-releases-without-options
23:46:35.898 05-05-2016 | INFO  | main                 | o.c.strongbox.configuration.ConfigurationManager   |     -> Repository: group-releases-nested
23:46:35.898 05-05-2016 | INFO  | main                 | o.c.strongbox.configuration.ConfigurationManager   |     -> Repository: group-releases-nested-deep-1
23:46:35.898 05-05-2016 | INFO  | main                 | o.c.strongbox.configuration.ConfigurationManager   |     -> Repository: group-releases-nested-deep-2
23:46:35.899 05-05-2016 | INFO  | main                 | o.c.strongbox.configuration.ConfigurationManager   |     -> Repository: group-releases-nested-deep-3
23:46:35.907 05-05-2016 | INFO  | main                 | o.c.s.services.impl.ArtifactResolutionServiceImpl  | Loading resolvers...
23:46:35.907 05-05-2016 | INFO  | main                 | o.c.s.services.impl.ArtifactResolutionServiceImpl  |  -> class org.carlspring.strongbox.storage.resolvers.FSLocationResolver
23:46:35.907 05-05-2016 | INFO  | main                 | o.c.s.services.impl.ArtifactResolutionServiceImpl  |  -> class org.carlspring.strongbox.storage.resolvers.GroupLocationResolver
